<?xml version="1.0" encoding="utf-8"?><testsuites name="pytest tests"><testsuite name="pytest" errors="0" failures="0" skipped="0" tests="3" time="0.046" timestamp="2025-07-02T14:45:53.276360+08:00" hostname="Hzg的电脑"><testcase classname="tests.unit.test_book.TestBook" name="test_book_comparison" file="tests\unit\test_book.py" line="42" time="0.001"><system-out>--------------------------------- Captured Log ---------------------------------

--------------------------------- Captured Out ---------------------------------

</system-out><system-err>--------------------------------- Captured Err ---------------------------------

</system-err></testcase><testcase classname="tests.unit.test_book.TestBook" name="test_book_creation" file="tests\unit\test_book.py" line="23" time="0.000"><system-out>--------------------------------- Captured Log ---------------------------------

--------------------------------- Captured Out ---------------------------------

</system-out><system-err>--------------------------------- Captured Err ---------------------------------

</system-err></testcase><testcase classname="tests.unit.test_book.TestBook" name="test_book_equality" file="tests\unit\test_book.py" line="33" time="0.000"><system-out>--------------------------------- Captured Log ---------------------------------

--------------------------------- Captured Out ---------------------------------

</system-out><system-err>--------------------------------- Captured Err ---------------------------------

</system-err></testcase></testsuite></testsuites>